{
  "stats": {
    "suites": 1,
    "tests": 15,
    "passes": 15,
    "pending": 0,
    "failures": 0,
    "start": "2019-12-24T21:31:48.392Z",
    "end": "2019-12-24T21:37:50.881Z",
    "duration": 362489,
    "testsRegistered": 15,
    "passPercent": 100,
    "pendingPercent": 0,
    "other": 0,
    "hasOther": false,
    "skipped": 0,
    "hasSkipped": false
  },
  "results": [
    {
      "uuid": "d3676a34-3717-4366-995a-a1cee899904c",
      "title": "",
      "fullFile": "",
      "file": "",
      "beforeHooks": [],
      "afterHooks": [],
      "tests": [],
      "suites": [
        {
          "uuid": "cf8f2146-aece-41c8-ae5f-b82f3f5f59f9",
          "title": "Validate Go Air Search Page",
          "fullFile": "",
          "file": "",
          "beforeHooks": [],
          "afterHooks": [],
          "tests": [
            {
              "title": "SF-TC-01 Search flight without entering Origin",
              "fullTitle": "Validate Go Air Search Page SF-TC-01 Search flight without entering Origin",
              "timedOut": null,
              "duration": 8009,
              "state": "passed",
              "speed": "slow",
              "pass": true,
              "fail": false,
              "pending": false,
              "context": null,
              "code": "var bookFlights = new _BookFlights.default();\nbookFlights.selectRoundTrip();\nbookFlights.clickOnBookNow();\ncy.on('window:alert', function (str) {\n  expect(str).to.equal('Origin is required');\n});",
              "err": {},
              "uuid": "c685063d-5924-4c00-9c45-2c13f2299268",
              "parentUUID": "cf8f2146-aece-41c8-ae5f-b82f3f5f59f9",
              "isHook": false,
              "skipped": false
            },
            {
              "title": "SF-TC-02 Search flight without entering Destination",
              "fullTitle": "Validate Go Air Search Page SF-TC-02 Search flight without entering Destination",
              "timedOut": null,
              "duration": 4273,
              "state": "passed",
              "speed": "slow",
              "pass": true,
              "fail": false,
              "pending": false,
              "context": null,
              "code": "cy.get(\"@bookFlightTestData\").then(function (bookFlightTestData) {\n  var bookFlights = new _BookFlights.default();\n  bookFlights.selectRoundTrip();\n  bookFlights.TypeOrigin(bookFlightTestData.TC02.fromcity);\n  bookFlights.selectOrigin(bookFlightTestData.TC02.fromcity);\n  bookFlights.clickOnBookNow();\n  cy.on('window:alert', function (str) {\n    expect(str).to.equal('Destination is required');\n  });\n}); //cy.get('[class=\"command-message-text\"]').should('have.text','Origin is required')",
              "err": {},
              "uuid": "acf09ad0-4962-4815-a030-5cceb9295c7a",
              "parentUUID": "cf8f2146-aece-41c8-ae5f-b82f3f5f59f9",
              "isHook": false,
              "skipped": false
            },
            {
              "title": "SF-TC-03 Search flight without entering depart date",
              "fullTitle": "Validate Go Air Search Page SF-TC-03 Search flight without entering depart date",
              "timedOut": null,
              "duration": 15470,
              "state": "passed",
              "speed": "slow",
              "pass": true,
              "fail": false,
              "pending": false,
              "context": null,
              "code": "//   cy.fixture('DataGoAir').as(\"bookFlightTestData\");\ncy.get(\"@bookFlightTestData\").then(function (bookFlightTestData) {\n  var bookFlights = new _BookFlights.default();\n  bookFlights.selectRoundTrip();\n  bookFlights.TypeOrigin(bookFlightTestData.TC03.fromcity);\n  bookFlights.selectOrigin(bookFlightTestData.TC03.fromcity);\n  cy.wait(10000);\n  bookFlights.selectDestination(bookFlightTestData.TC03.tocity);\n  cy.focused().blur();\n  bookFlights.clickOnBookNow();\n  cy.on('window:alert', function (str) {\n    expect(str).to.equal('select a departure date');\n  });\n});",
              "err": {},
              "uuid": "b449fd79-d7a6-4a02-88c8-07ebe4db4f3f",
              "parentUUID": "cf8f2146-aece-41c8-ae5f-b82f3f5f59f9",
              "isHook": false,
              "skipped": false
            },
            {
              "title": "SF-TC-04 Search flight without entering Return date",
              "fullTitle": "Validate Go Air Search Page SF-TC-04 Search flight without entering Return date",
              "timedOut": null,
              "duration": 8400,
              "state": "passed",
              "speed": "slow",
              "pass": true,
              "fail": false,
              "pending": false,
              "context": null,
              "code": "cy.get(\"@bookFlightTestData\").then(function (bookFlightTestData) {\n  var bookFlights = new _BookFlights.default();\n  bookFlights.selectRoundTrip();\n  bookFlights.TypeOrigin(bookFlightTestData.TC04.fromcity);\n  bookFlights.selectOrigin(bookFlightTestData.TC04.fromcity);\n  cy.wait(4000);\n  bookFlights.selectDestination(bookFlightTestData.TC04.tocity);\n  bookFlights.pickDepartDate(bookFlightTestData.TC04.departDay, bookFlightTestData.TC04.departMonth, bookFlightTestData.TC04.departYear);\n  cy.focused().blur();\n  bookFlights.clickOnBookNow();\n  cy.on('window:alert', function (str) {\n    expect(str).to.equal('Return date is required');\n  });\n});",
              "err": {},
              "uuid": "9cf4b6f0-a9de-4ffb-ad84-d6292fc51438",
              "parentUUID": "cf8f2146-aece-41c8-ae5f-b82f3f5f59f9",
              "isHook": false,
              "skipped": false
            },
            {
              "title": "SF-TC-05 Search flight with one Adult,one child and one infant",
              "fullTitle": "Validate Go Air Search Page SF-TC-05 Search flight with one Adult,one child and one infant",
              "timedOut": null,
              "duration": 18017,
              "state": "passed",
              "speed": "slow",
              "pass": true,
              "fail": false,
              "pending": false,
              "context": null,
              "code": "cy.get(\"@bookFlightTestData\").then(function (bookFlightTestData) {\n  var bookFlights = new _BookFlights.default();\n  bookFlights.selectRoundTrip();\n  bookFlights.TypeOrigin(bookFlightTestData.TC05.fromcity);\n  bookFlights.selectOrigin(bookFlightTestData.TC05.fromcity);\n  cy.wait(4000);\n  bookFlights.selectDestination(bookFlightTestData.TC05.tocity);\n  bookFlights.pickDepartDate(bookFlightTestData.TC05.departDay, bookFlightTestData.TC05.departMonth, bookFlightTestData.TC05.departYear);\n  cy.wait(1000);\n  bookFlights.pickreturndate(bookFlightTestData.TC05.returnDay, bookFlightTestData.TC05.returnMonth, bookFlightTestData.TC05.returnYear, bookFlightTestData.TC05.departMonth);\n  bookFlights.selectAdultPassengers(bookFlightTestData.TC05.adultPassengers);\n  bookFlights.selectChildPassengers(bookFlightTestData.TC05.childPassenger);\n  bookFlights.selectInfantPassenger(bookFlightTestData.TC05.infantPassenger);\n  bookFlights.clickOnBookNow();\n});",
              "err": {},
              "uuid": "f745c98d-3d65-47ae-a226-bd3d5e563b8e",
              "parentUUID": "cf8f2146-aece-41c8-ae5f-b82f3f5f59f9",
              "isHook": false,
              "skipped": false
            },
            {
              "title": "SF-TC-06 Check the label 'Student'",
              "fullTitle": "Validate Go Air Search Page SF-TC-06 Check the label 'Student'",
              "timedOut": null,
              "duration": 12814,
              "state": "passed",
              "speed": "slow",
              "pass": true,
              "fail": false,
              "pending": false,
              "context": null,
              "code": "cy.get(\"@bookFlightTestData\").then(function (bookFlightTestData) {\n  var bookFlights = new _BookFlights.default();\n  bookFlights.selectRoundTrip();\n  bookFlights.TypeOrigin(bookFlightTestData.TC06.fromcity);\n  bookFlights.selectOrigin(bookFlightTestData.TC06.fromcity);\n  cy.wait(4000);\n  bookFlights.selectDestination(bookFlightTestData.TC06.tocity);\n  bookFlights.pickDepartDate(bookFlightTestData.TC06.departDay, bookFlightTestData.TC06.departMonth, bookFlightTestData.TC06.departYear);\n  cy.wait(1000);\n  bookFlights.pickreturndate(bookFlightTestData.TC05.returnDay, bookFlightTestData.TC05.returnMonth, bookFlightTestData.TC05.returnYear, bookFlightTestData.TC05.departMonth);\n  bookFlights.selectAdultPassengers(bookFlightTestData.TC06.adultPassengers);\n  bookFlights.selectChildPassengers(bookFlightTestData.TC06.childPassenger);\n  bookFlights.selectInfantPassenger(bookFlightTestData.TC06.infantPassenger);\n  bookFlights.checkLabelStudent();\n  cy.get('[class=\"closee\"]'); //cy.wait(4000)\n});",
              "err": {},
              "uuid": "902fd136-99e6-4d20-97e8-63acdce13c2f",
              "parentUUID": "cf8f2146-aece-41c8-ae5f-b82f3f5f59f9",
              "isHook": false,
              "skipped": false
            },
            {
              "title": "SF-TC-07 Check the label 'Student if the Origin and destination is in India'",
              "fullTitle": "Validate Go Air Search Page SF-TC-07 Check the label 'Student if the Origin and destination is in India'",
              "timedOut": null,
              "duration": 16511,
              "state": "passed",
              "speed": "slow",
              "pass": true,
              "fail": false,
              "pending": false,
              "context": null,
              "code": "cy.get(\"@bookFlightTestData\").then(function (bookFlightTestData) {\n  var bookFlights = new _BookFlights.default();\n  bookFlights.selectRoundTrip();\n  bookFlights.TypeOrigin(bookFlightTestData.TC07.fromcity);\n  bookFlights.selectOrigin(bookFlightTestData.TC07.fromcity);\n  cy.wait(4000);\n  bookFlights.selectDestination(bookFlightTestData.TC04.tocity);\n  bookFlights.pickDepartDate(bookFlightTestData.TC07.departDay, bookFlightTestData.TC07.departMonth, bookFlightTestData.TC07.departYear);\n  cy.wait(1000);\n  bookFlights.pickreturndate(bookFlightTestData.TC05.returnDay, bookFlightTestData.TC05.returnMonth, bookFlightTestData.TC05.returnYear, bookFlightTestData.TC05.departMonth);\n  bookFlights.selectAdultPassengers(bookFlightTestData.TC07.adultPassengers);\n  bookFlights.selectChildPassengers(bookFlightTestData.TC07.childPassenger);\n  bookFlights.selectInfantPassenger(bookFlightTestData.TC07.infantPassenger);\n  bookFlights.checkLabelStudent();\n  cy.get('[class=\"closee\"]');\n  bookFlights.clickOnBookNow();\n});",
              "err": {},
              "uuid": "e2896adf-569a-40a9-a04d-e51a3afbccd3",
              "parentUUID": "cf8f2146-aece-41c8-ae5f-b82f3f5f59f9",
              "isHook": false,
              "skipped": false
            },
            {
              "title": "SF-TC-08 Check the label 'Student if the destination is outside India'",
              "fullTitle": "Validate Go Air Search Page SF-TC-08 Check the label 'Student if the destination is outside India'",
              "timedOut": null,
              "duration": 15475,
              "state": "passed",
              "speed": "slow",
              "pass": true,
              "fail": false,
              "pending": false,
              "context": null,
              "code": "cy.get(\"@bookFlightTestData\").then(function (bookFlightTestData) {\n  var bookFlights = new _BookFlights.default();\n  bookFlights.selectRoundTrip();\n  bookFlights.TypeOrigin(bookFlightTestData.TC08.fromcity);\n  bookFlights.selectOrigin(bookFlightTestData.TC08.fromcity);\n  cy.wait(4000);\n  bookFlights.selectDestination(bookFlightTestData.TC08.tocity);\n  bookFlights.pickDepartDate(bookFlightTestData.TC08.departDay, bookFlightTestData.TC08.departMonth, bookFlightTestData.TC08.departYear);\n  cy.wait(1000);\n  bookFlights.pickreturndate(bookFlightTestData.TC05.returnDay, bookFlightTestData.TC05.returnMonth, bookFlightTestData.TC05.returnYear, bookFlightTestData.TC05.departMonth);\n  bookFlights.selectAdultPassengers(bookFlightTestData.TC08.adultPassengers);\n  bookFlights.selectChildPassengers(bookFlightTestData.TC08.childPassenger);\n  bookFlights.selectInfantPassenger(bookFlightTestData.TC08.infantPassenger); // bookFlights.checkLabelStudent()\n  //cy.get('[class=\"closee\"]')\n  //bookFlights.checkDisabledLabelStudent()\n  bookFlights.checkLabelStudentsIsNotVisible(bookFlightTestData.TC08);\n  cy.wait(4000);\n});",
              "err": {},
              "uuid": "4f26083b-fb7f-4399-a8e2-9245f172ac33",
              "parentUUID": "cf8f2146-aece-41c8-ae5f-b82f3f5f59f9",
              "isHook": false,
              "skipped": false
            },
            {
              "title": "SF-TC-09 Check the label 'Armed Forces'",
              "fullTitle": "Validate Go Air Search Page SF-TC-09 Check the label 'Armed Forces'",
              "timedOut": null,
              "duration": 11595,
              "state": "passed",
              "speed": "slow",
              "pass": true,
              "fail": false,
              "pending": false,
              "context": null,
              "code": "cy.get(\"@bookFlightTestData\").then(function (bookFlightTestData) {\n  var bookFlights = new _BookFlights.default();\n  bookFlights.selectRoundTrip();\n  bookFlights.TypeOrigin(bookFlightTestData.TC09.fromcity);\n  bookFlights.selectOrigin(bookFlightTestData.TC09.fromcity);\n  cy.wait(4000);\n  bookFlights.selectDestination(bookFlightTestData.TC09.tocity);\n  bookFlights.pickDepartDate(bookFlightTestData.TC09.departDay, bookFlightTestData.TC09.departMonth, bookFlightTestData.TC09.departYear);\n  cy.wait(1000);\n  bookFlights.pickreturndate(bookFlightTestData.TC05.returnDay, bookFlightTestData.TC05.returnMonth, bookFlightTestData.TC05.returnYear, bookFlightTestData.TC05.departMonth);\n  bookFlights.selectAdultPassengers(bookFlightTestData.TC09.adultPassengers);\n  bookFlights.selectChildPassengers(bookFlightTestData.TC09.childPassenger);\n  bookFlights.selectInfantPassenger(bookFlightTestData.TC09.infantPassenger);\n  bookFlights.clickOnLabelArmedForces(bookFlightTestData.TC09);\n});",
              "err": {},
              "uuid": "287bd30c-2c56-4c55-a35d-cd033973cd67",
              "parentUUID": "cf8f2146-aece-41c8-ae5f-b82f3f5f59f9",
              "isHook": false,
              "skipped": false
            },
            {
              "title": "SF-TC-010 Check the label 'Armed Forces' if Origin and destination is within India",
              "fullTitle": "Validate Go Air Search Page SF-TC-010 Check the label 'Armed Forces' if Origin and destination is within India",
              "timedOut": null,
              "duration": 23702,
              "state": "passed",
              "speed": "slow",
              "pass": true,
              "fail": false,
              "pending": false,
              "context": null,
              "code": "cy.get(\"@bookFlightTestData\").then(function (bookFlightTestData) {\n  var bookFlights = new _BookFlights.default();\n  bookFlights.selectRoundTrip();\n  bookFlights.TypeOrigin(bookFlightTestData.TC010.fromcity);\n  bookFlights.selectOrigin(bookFlightTestData.TC010.fromcity);\n  cy.wait(4000);\n  bookFlights.selectDestination(bookFlightTestData.TC010.tocity);\n  bookFlights.pickDepartDate(bookFlightTestData.TC010.departDay, bookFlightTestData.TC010.departMonth, bookFlightTestData.TC010.departYear);\n  cy.wait(1000);\n  bookFlights.pickreturndate(bookFlightTestData.TC05.returnDay, bookFlightTestData.TC05.returnMonth, bookFlightTestData.TC05.returnYear, bookFlightTestData.TC05.departMonth);\n  bookFlights.selectAdultPassengers(bookFlightTestData.TC010.adultPassengers);\n  bookFlights.selectChildPassengers(bookFlightTestData.TC010.childPassenger);\n  bookFlights.selectInfantPassenger(bookFlightTestData.TC010.infantPassenger);\n  bookFlights.clickOnLabelArmedForces(bookFlightTestData.TC010);\n  bookFlights.clickOnBookNow();\n});",
              "err": {},
              "uuid": "170183c3-a2fe-48aa-889f-4a8731b8d92d",
              "parentUUID": "cf8f2146-aece-41c8-ae5f-b82f3f5f59f9",
              "isHook": false,
              "skipped": false
            },
            {
              "title": "SF-TC-011 Check the label 'Armed Forces' if the destination is outside India",
              "fullTitle": "Validate Go Air Search Page SF-TC-011 Check the label 'Armed Forces' if the destination is outside India",
              "timedOut": null,
              "duration": 17938,
              "state": "passed",
              "speed": "slow",
              "pass": true,
              "fail": false,
              "pending": false,
              "context": null,
              "code": "cy.get(\"@bookFlightTestData\").then(function (bookFlightTestData) {\n  var bookFlights = new _BookFlights.default();\n  bookFlights.selectRoundTrip();\n  bookFlights.TypeOrigin(bookFlightTestData.TC011.fromcity);\n  bookFlights.selectOrigin(bookFlightTestData.TC011.fromcity);\n  cy.wait(4000);\n  bookFlights.selectDestination(bookFlightTestData.TC011.tocity);\n  bookFlights.pickDepartDate(bookFlightTestData.TC011.departDay, bookFlightTestData.TC011.departMonth, bookFlightTestData.TC011.departYear);\n  cy.wait(1000);\n  bookFlights.pickreturndate(bookFlightTestData.TC05.returnDay, bookFlightTestData.TC05.returnMonth, bookFlightTestData.TC05.returnYear, bookFlightTestData.TC05.departMonth);\n  bookFlights.selectAdultPassengers(bookFlightTestData.TC011.adultPassengers);\n  bookFlights.selectChildPassengers(bookFlightTestData.TC011.childPassenger);\n  bookFlights.selectInfantPassenger(bookFlightTestData.TC011.infantPassenger);\n  bookFlights.checkLabelArmedForcesIsNotVisible(bookFlightTestData.TC011);\n  cy.wait(4000);\n});",
              "err": {},
              "uuid": "2231791e-1c8b-48cb-95e0-15a1b0ea3fc2",
              "parentUUID": "cf8f2146-aece-41c8-ae5f-b82f3f5f59f9",
              "isHook": false,
              "skipped": false
            },
            {
              "title": "SF-TC-012 Check the label 'Senior Citizen'",
              "fullTitle": "Validate Go Air Search Page SF-TC-012 Check the label 'Senior Citizen'",
              "timedOut": null,
              "duration": 12284,
              "state": "passed",
              "speed": "slow",
              "pass": true,
              "fail": false,
              "pending": false,
              "context": null,
              "code": "cy.get(\"@bookFlightTestData\").then(function (bookFlightTestData) {\n  var bookFlights = new _BookFlights.default();\n  bookFlights.selectRoundTrip();\n  bookFlights.TypeOrigin(bookFlightTestData.TC012.fromcity);\n  bookFlights.selectOrigin(bookFlightTestData.TC012.fromcity);\n  cy.wait(4000);\n  bookFlights.selectDestination(bookFlightTestData.TC012.tocity);\n  bookFlights.pickDepartDate(bookFlightTestData.TC012.departDay, bookFlightTestData.TC012.departMonth, bookFlightTestData.TC012.departYear);\n  cy.wait(1000);\n  bookFlights.pickreturndate(bookFlightTestData.TC05.returnDay, bookFlightTestData.TC05.returnMonth, bookFlightTestData.TC05.returnYear, bookFlightTestData.TC05.departMonth);\n  bookFlights.selectAdultPassengers(bookFlightTestData.TC012.adultPassengers);\n  bookFlights.selectChildPassengers(bookFlightTestData.TC012.childPassenger);\n  bookFlights.selectInfantPassenger(bookFlightTestData.TC012.infantPassenger);\n  bookFlights.clickOnLabelSeniorCitizen(bookFlightTestData.TC012);\n  cy.wait(1000);\n});",
              "err": {},
              "uuid": "8e875fe4-4bb7-4d00-b5bc-5ee3fab74000",
              "parentUUID": "cf8f2146-aece-41c8-ae5f-b82f3f5f59f9",
              "isHook": false,
              "skipped": false
            },
            {
              "title": "SF-TC-013 Check the label 'Senior Citizen' if the destination is outside India.",
              "fullTitle": "Validate Go Air Search Page SF-TC-013 Check the label 'Senior Citizen' if the destination is outside India.",
              "timedOut": null,
              "duration": 15922,
              "state": "passed",
              "speed": "slow",
              "pass": true,
              "fail": false,
              "pending": false,
              "context": null,
              "code": "cy.get(\"@bookFlightTestData\").then(function (bookFlightTestData) {\n  var bookFlights = new _BookFlights.default();\n  bookFlights.selectRoundTrip();\n  bookFlights.TypeOrigin(bookFlightTestData.TC013.fromcity);\n  bookFlights.selectOrigin(bookFlightTestData.TC013.fromcity);\n  cy.wait(4000);\n  bookFlights.selectDestination(bookFlightTestData.TC013.tocity);\n  bookFlights.pickDepartDate(bookFlightTestData.TC013.departDay, bookFlightTestData.TC013.departMonth, bookFlightTestData.TC013.departYear);\n  cy.wait(1000);\n  bookFlights.pickreturndate(bookFlightTestData.TC05.returnDay, bookFlightTestData.TC05.returnMonth, bookFlightTestData.TC05.returnYear, bookFlightTestData.TC05.departMonth);\n  bookFlights.selectAdultPassengers(bookFlightTestData.TC013.adultPassengers);\n  bookFlights.selectChildPassengers(bookFlightTestData.TC013.childPassenger);\n  bookFlights.selectInfantPassenger(bookFlightTestData.TC013.infantPassenger);\n  bookFlights.clickOnLabelSeniorCitizen(bookFlightTestData.TC013);\n  cy.wait(1000);\n  bookFlights.clickOnBookNow();\n});",
              "err": {},
              "uuid": "beb94562-4248-4fa2-8b05-482cb0555131",
              "parentUUID": "cf8f2146-aece-41c8-ae5f-b82f3f5f59f9",
              "isHook": false,
              "skipped": false
            },
            {
              "title": "SF-TC-014 Check the id PromoCode",
              "fullTitle": "Validate Go Air Search Page SF-TC-014 Check the id PromoCode",
              "timedOut": null,
              "duration": 14921,
              "state": "passed",
              "speed": "slow",
              "pass": true,
              "fail": false,
              "pending": false,
              "context": null,
              "code": "cy.get(\"@bookFlightTestData\").then(function (bookFlightTestData) {\n  var bookFlights = new _BookFlights.default();\n  bookFlights.selectRoundTrip();\n  bookFlights.TypeOrigin(bookFlightTestData.TC013.fromcity);\n  bookFlights.selectOrigin(bookFlightTestData.TC013.fromcity);\n  cy.wait(4000);\n  bookFlights.selectDestination(bookFlightTestData.TC013.tocity);\n  bookFlights.pickDepartDate(bookFlightTestData.TC013.departDay, bookFlightTestData.TC013.departMonth, bookFlightTestData.TC013.departYear);\n  cy.wait(1000);\n  bookFlights.pickreturndate(bookFlightTestData.TC05.returnDay, bookFlightTestData.TC05.returnMonth, bookFlightTestData.TC05.returnYear, bookFlightTestData.TC05.departMonth);\n  bookFlights.selectAdultPassengers(bookFlightTestData.TC013.adultPassengers);\n  bookFlights.checkIdPromoCode(bookFlightTestData.TC013);\n  bookFlights.clickOnBookNow(bookFlightTestData.TC013);\n  bookFlights.checkAlertMessageOfPromoCode(bookFlightTestData.TC013);\n  cy.log();\n});",
              "err": {},
              "uuid": "bd8e040b-555f-42ba-80fa-d40ce1b9b34d",
              "parentUUID": "cf8f2146-aece-41c8-ae5f-b82f3f5f59f9",
              "isHook": false,
              "skipped": false
            },
            {
              "title": "SF-TC-015 Validate all hyperlinks on the page",
              "fullTitle": "Validate Go Air Search Page SF-TC-015 Validate all hyperlinks on the page",
              "timedOut": null,
              "duration": 161964,
              "state": "passed",
              "speed": "slow",
              "pass": true,
              "fail": false,
              "pending": false,
              "context": null,
              "code": "var bookFlights = new _BookFlights.default();\nbookFlights.validateHyperlinks();",
              "err": {},
              "uuid": "d8511c08-f172-4572-b42a-0d4bb0b32fab",
              "parentUUID": "cf8f2146-aece-41c8-ae5f-b82f3f5f59f9",
              "isHook": false,
              "skipped": false
            }
          ],
          "suites": [],
          "passes": [
            "c685063d-5924-4c00-9c45-2c13f2299268",
            "acf09ad0-4962-4815-a030-5cceb9295c7a",
            "b449fd79-d7a6-4a02-88c8-07ebe4db4f3f",
            "9cf4b6f0-a9de-4ffb-ad84-d6292fc51438",
            "f745c98d-3d65-47ae-a226-bd3d5e563b8e",
            "902fd136-99e6-4d20-97e8-63acdce13c2f",
            "e2896adf-569a-40a9-a04d-e51a3afbccd3",
            "4f26083b-fb7f-4399-a8e2-9245f172ac33",
            "287bd30c-2c56-4c55-a35d-cd033973cd67",
            "170183c3-a2fe-48aa-889f-4a8731b8d92d",
            "2231791e-1c8b-48cb-95e0-15a1b0ea3fc2",
            "8e875fe4-4bb7-4d00-b5bc-5ee3fab74000",
            "beb94562-4248-4fa2-8b05-482cb0555131",
            "bd8e040b-555f-42ba-80fa-d40ce1b9b34d",
            "d8511c08-f172-4572-b42a-0d4bb0b32fab"
          ],
          "failures": [],
          "pending": [],
          "skipped": [],
          "duration": 357295,
          "root": false,
          "rootEmpty": false,
          "_timeout": 2000
        }
      ],
      "passes": [],
      "failures": [],
      "pending": [],
      "skipped": [],
      "duration": 0,
      "root": true,
      "rootEmpty": true,
      "_timeout": 2000
    }
  ],
  "meta": {
    "mocha": {
      "version": "5.2.0"
    },
    "mochawesome": {
      "options": {
        "quiet": false,
        "reportFilename": "mochawesome",
        "saveHtml": true,
        "saveJson": true,
        "consoleReporter": "spec",
        "useInlineDiffs": false
      },
      "version": "4.1.0"
    },
    "marge": {
      "options": {},
      "version": "4.1.0"
    }
  }
}